{"uuid":"12048ed3-f502-457b-8632-eb9602ad89e3","historyId":"f50ab6087b1fe8b0f93bdcfec9846721","fullName":"Test.MaterialCreationTestcases.verify_That_Based_On_The_Configured_Rule_For_Description_Generator_Short_And_Long_Description_Should_Auto_Populate","labels":[{"name":"package","value":"Test.MaterialCreationTestcases"},{"name":"testClass","value":"Test.MaterialCreationTestcases"},{"name":"testMethod","value":"verify_That_Based_On_The_Configured_Rule_For_Description_Generator_Short_And_Long_Description_Should_Auto_Populate"},{"name":"parentSuite","value":"Material Creation Automation Testcases"},{"name":"suite","value":"verify That Based On The Configured Rule For Description Generator Short And Long Description Should Auto Populate"},{"name":"subSuite","value":"Test.MaterialCreationTestcases"},{"name":"host","value":"QA-MacBook-Pro-2.local"},{"name":"thread","value":"66249@QA-MacBook-Pro-2.local.TestNG-tests-1(368)"},{"name":"framework","value":"testng"},{"name":"language","value":"java"}],"links":[],"name":"verify_That_Based_On_The_Configured_Rule_For_Description_Generator_Short_And_Long_Description_Should_Auto_Populate","status":"broken","statusDetails":{"known":false,"muted":false,"flaky":false,"message":"Expected condition failed: waiting for visibility of Proxy element for: DefaultElementLocator 'By.xpath: //span[normalize-space()='Bearing - Ball']' (tried for 20 second(s) with 500 milliseconds interval)","trace":"org.openqa.selenium.TimeoutException: Expected condition failed: waiting for visibility of Proxy element for: DefaultElementLocator 'By.xpath: //span[normalize-space()='Bearing - Ball']' (tried for 20 second(s) with 500 milliseconds interval)\n\tat org.openqa.selenium.support.ui.WebDriverWait.timeoutException(WebDriverWait.java:87)\n\tat org.openqa.selenium.support.ui.FluentWait.until(FluentWait.java:231)\n\tat Utils.Common.waitUntilElementToBeVisible(Common.java:417)\n\tat Page.MaterialCreation.verify_Description_Generator_Short_And_Long_Description_Should_Auto_Populate(MaterialCreation.java:1154)\n\tat Test.MaterialCreationTestcases.verify_That_Based_On_The_Configured_Rule_For_Description_Generator_Short_And_Long_Description_Should_Auto_Populate(MaterialCreationTestcases.java:173)\n\tat java.base/jdk.internal.reflect.DirectMethodHandleAccessor.invoke(DirectMethodHandleAccessor.java:104)\n\tat java.base/java.lang.reflect.Method.invoke(Method.java:578)\n\tat org.testng.internal.invokers.MethodInvocationHelper.invokeMethod(MethodInvocationHelper.java:139)\n\tat org.testng.internal.invokers.TestInvoker.invokeMethod(TestInvoker.java:677)\n\tat org.testng.internal.invokers.TestInvoker.invokeTestMethod(TestInvoker.java:221)\n\tat org.testng.internal.invokers.MethodRunner.runInSequence(MethodRunner.java:50)\n\tat org.testng.internal.invokers.TestInvoker$MethodInvocationAgent.invoke(TestInvoker.java:969)\n\tat org.testng.internal.invokers.TestInvoker.invokeTestMethods(TestInvoker.java:194)\n\tat org.testng.internal.invokers.TestMethodWorker.invokeTestMethods(TestMethodWorker.java:148)\n\tat org.testng.internal.invokers.TestMethodWorker.run(TestMethodWorker.java:128)\n\tat java.base/java.util.ArrayList.forEach(ArrayList.java:1511)\n\tat org.testng.TestRunner.privateRun(TestRunner.java:829)\n\tat org.testng.TestRunner.run(TestRunner.java:602)\n\tat org.testng.SuiteRunner.runTest(SuiteRunner.java:437)\n\tat org.testng.SuiteRunner$SuiteWorker.run(SuiteRunner.java:475)\n\tat org.testng.internal.thread.ThreadUtil.lambda$execute$0(ThreadUtil.java:58)\n\tat java.base/java.util.concurrent.FutureTask.run(FutureTask.java:317)\n\tat java.base/java.util.concurrent.ThreadPoolExecutor.runWorker(ThreadPoolExecutor.java:1144)\n\tat java.base/java.util.concurrent.ThreadPoolExecutor$Worker.run(ThreadPoolExecutor.java:642)\n\tat java.base/java.lang.Thread.run(Thread.java:1623)\nCaused by: org.openqa.selenium.NoSuchElementException: no such element: Unable to locate element: {\"method\":\"xpath\",\"selector\":\"//span[normalize-space()='Bearing - Ball']\"}\n  (Session info: chrome=115.0.5790.170)\nFor documentation on this error, please visit: https://selenium.dev/exceptions/#no_such_element\nBuild info: version: '4.8.1', revision: '8ebccac989'\nSystem info: os.name: 'Mac OS X', os.arch: 'x86_64', os.version: '12.2.1', java.version: '20.0.1'\nDriver info: org.openqa.selenium.chrome.ChromeDriver\nCommand: [c995781fd049449ac2885da27bc9295b, findElement {using=xpath, value=//span[normalize-space()='Bearing - Ball']}]\nCapabilities {acceptInsecureCerts: false, browserName: chrome, browserVersion: 115.0.5790.170, chrome: {chromedriverVersion: 114.0.5735.90 (386bc09e8f4f..., userDataDir: /var/folders/jh/f96jk7yd6zx...}, goog:chromeOptions: {debuggerAddress: localhost:60005}, networkConnectionEnabled: false, pageLoadStrategy: normal, platformName: MAC, proxy: Proxy(), se:cdp: ws://localhost:60005/devtoo..., se:cdpVersion: 115.0.5790.170, setWindowRect: true, strictFileInteractability: false, timeouts: {implicit: 0, pageLoad: 300000, script: 30000}, unhandledPromptBehavior: dismiss and notify, webauthn:extension:credBlob: true, webauthn:extension:largeBlob: true, webauthn:extension:minPinLength: true, webauthn:extension:prf: true, webauthn:virtualAuthenticators: true}\nSession ID: c995781fd049449ac2885da27bc9295b\n\tat java.base/jdk.internal.reflect.DirectConstructorHandleAccessor.newInstance(DirectConstructorHandleAccessor.java:67)\n\tat java.base/java.lang.reflect.Constructor.newInstanceWithCaller(Constructor.java:500)\n\tat java.base/java.lang.reflect.Constructor.newInstance(Constructor.java:484)\n\tat org.openqa.selenium.remote.codec.w3c.W3CHttpResponseCodec.createException(W3CHttpResponseCodec.java:200)\n\tat org.openqa.selenium.remote.codec.w3c.W3CHttpResponseCodec.decode(W3CHttpResponseCodec.java:133)\n\tat org.openqa.selenium.remote.codec.w3c.W3CHttpResponseCodec.decode(W3CHttpResponseCodec.java:53)\n\tat org.openqa.selenium.remote.HttpCommandExecutor.execute(HttpCommandExecutor.java:184)\n\tat org.openqa.selenium.remote.service.DriverCommandExecutor.invokeExecute(DriverCommandExecutor.java:167)\n\tat org.openqa.selenium.remote.service.DriverCommandExecutor.execute(DriverCommandExecutor.java:142)\n\tat org.openqa.selenium.remote.RemoteWebDriver.execute(RemoteWebDriver.java:543)\n\tat org.openqa.selenium.remote.ElementLocation$ElementFinder$2.findElement(ElementLocation.java:162)\n\tat org.openqa.selenium.remote.ElementLocation.findElement(ElementLocation.java:60)\n\tat org.openqa.selenium.remote.RemoteWebDriver.findElement(RemoteWebDriver.java:352)\n\tat org.openqa.selenium.remote.RemoteWebDriver.findElement(RemoteWebDriver.java:344)\n\tat org.openqa.selenium.support.pagefactory.DefaultElementLocator.findElement(DefaultElementLocator.java:70)\n\tat org.openqa.selenium.support.pagefactory.internal.LocatingElementHandler.invoke(LocatingElementHandler.java:39)\n\tat jdk.proxy2/jdk.proxy2.$Proxy14.isDisplayed(Unknown Source)\n\tat org.openqa.selenium.support.ui.ExpectedConditions.elementIfVisible(ExpectedConditions.java:307)\n\tat org.openqa.selenium.support.ui.ExpectedConditions.access$000(ExpectedConditions.java:40)\n\tat org.openqa.selenium.support.ui.ExpectedConditions$10.apply(ExpectedConditions.java:293)\n\tat org.openqa.selenium.support.ui.ExpectedConditions$10.apply(ExpectedConditions.java:290)\n\tat org.openqa.selenium.support.ui.FluentWait.until(FluentWait.java:208)\n\t... 23 more\n"},"stage":"finished","steps":[{"name":"Step 0 : Open the browser","status":"passed","stage":"finished","steps":[],"attachments":[],"parameters":[],"start":1691998369236,"stop":1691998369236},{"name":"Step 1 : Environment requested: SAND","status":"passed","stage":"finished","steps":[],"attachments":[],"parameters":[],"start":1691998369237,"stop":1691998369237},{"name":"Step 2 : Enter the URL: https://fuse.masterdataonline.com/ngx-auth/en/index.html#/auth/prosqa/enter-username","status":"passed","stage":"finished","steps":[],"attachments":[],"parameters":[],"start":1691998369237,"stop":1691998369237},{"name":"Step 3 : Entering username: Rahul.initiator@yopmail.com","status":"passed","stage":"finished","steps":[],"attachments":[],"parameters":[],"start":1691998381801,"stop":1691998381801},{"name":"Step 4 : Click on continue button","status":"passed","stage":"finished","steps":[],"attachments":[],"parameters":[],"start":1691998384048,"stop":1691998384048},{"name":"Step 5 : Entering password: Welcome@123","status":"passed","stage":"finished","steps":[],"attachments":[],"parameters":[],"start":1691998386225,"stop":1691998386225},{"name":"Step 6 : Click on login button","status":"passed","stage":"finished","steps":[],"attachments":[],"parameters":[],"start":1691998386323,"stop":1691998386323},{"name":"Step 7 : verify Home page appear","status":"passed","stage":"finished","steps":[],"attachments":[],"parameters":[],"start":1691998390410,"stop":1691998390410},{"name":"Step 8 : Verify Env URL: https://fuse-aps-sb.masterdataonline.com/ui/en/index.html#/home/dash/welcome","status":"passed","stage":"finished","steps":[],"attachments":[],"parameters":[],"start":1691998390443,"stop":1691998390443},{"name":"Step 9 : Click on Data tab","status":"passed","stage":"finished","steps":[],"attachments":[],"parameters":[],"start":1691998390467,"stop":1691998390467},{"name":"Step 10 : Click on Material master from left nav","status":"passed","stage":"finished","steps":[],"attachments":[],"parameters":[],"start":1691998391652,"stop":1691998391652},{"name":"Step 11 : Click on view dropdown icon","status":"passed","stage":"finished","steps":[],"attachments":[],"parameters":[],"start":1691998396657,"stop":1691998396657},{"name":"Step 12 : Click on Default view option","status":"passed","stage":"finished","steps":[],"attachments":[],"parameters":[],"start":1691998397292,"stop":1691998397292},{"name":"Step 13 : Click on add new record button","status":"passed","stage":"finished","steps":[],"attachments":[],"parameters":[],"start":1691998399580,"stop":1691998399580},{"name":"Step 14 : Click on Sequential Material flow","status":"passed","stage":"finished","steps":[],"attachments":[],"parameters":[],"start":1691998400842,"stop":1691998400842},{"name":"Step 15 : Click on x-plant material status","status":"passed","stage":"finished","steps":[],"attachments":[],"parameters":[],"start":1691998406170,"stop":1691998406170},{"name":"Step 16 : Select option","status":"passed","stage":"finished","steps":[],"attachments":[],"parameters":[],"start":1691998407953,"stop":1691998407953},{"name":"Step 17 : Click on Generate description button","status":"passed","stage":"finished","steps":[],"attachments":[],"parameters":[],"start":1691998411089,"stop":1691998411089},{"name":"Step 18 : Click on class dropdown","status":"passed","stage":"finished","steps":[],"attachments":[],"parameters":[],"start":1691998414300,"stop":1691998414300}],"attachments":[],"parameters":[{"name":"env","value":"SAND"}],"start":1691998369236,"stop":1691998434786}