{"uuid":"892916a6-f26f-4968-98fd-3b5376a76fc2","historyId":"9f9fadd53a8723824fef84ef210d90e4","fullName":"Test.ProcessLogTestcases.verify_That_User_Is_Able_To_View_The_View_Integration_Log","labels":[{"name":"package","value":"Test.ProcessLogTestcases"},{"name":"testClass","value":"Test.ProcessLogTestcases"},{"name":"testMethod","value":"verify_That_User_Is_Able_To_View_The_View_Integration_Log"},{"name":"parentSuite","value":"Process Log Automation Testcases"},{"name":"suite","value":"verify That User Is Able To View The View Integration Log"},{"name":"subSuite","value":"Test.ProcessLogTestcases"},{"name":"host","value":"QA-MacBook-Pro-2.local"},{"name":"thread","value":"18580@QA-MacBook-Pro-2.local.TestNG-tests-1(28)"},{"name":"framework","value":"testng"},{"name":"language","value":"java"}],"links":[],"name":"verify_That_User_Is_Able_To_View_The_View_Integration_Log","status":"broken","statusDetails":{"known":false,"muted":false,"flaky":false,"message":"Expected condition failed: waiting for visibility of Proxy element for: DefaultElementLocator 'By.xpath: //p[normalize-space()='SAP Material Number']' (tried for 20 second(s) with 500 milliseconds interval)","trace":"org.openqa.selenium.TimeoutException: Expected condition failed: waiting for visibility of Proxy element for: DefaultElementLocator 'By.xpath: //p[normalize-space()='SAP Material Number']' (tried for 20 second(s) with 500 milliseconds interval)\n\tat org.openqa.selenium.support.ui.WebDriverWait.timeoutException(WebDriverWait.java:87)\n\tat org.openqa.selenium.support.ui.FluentWait.until(FluentWait.java:231)\n\tat Utils.Common.waitUntilElementToBeVisible(Common.java:417)\n\tat Page.ProcessLog.verify_User_Is_Able_To_View_The_View_Integration_Log(ProcessLog.java:261)\n\tat Test.ProcessLogTestcases.verify_That_User_Is_Able_To_View_The_View_Integration_Log(ProcessLogTestcases.java:44)\n\tat java.base/jdk.internal.reflect.DirectMethodHandleAccessor.invoke(DirectMethodHandleAccessor.java:104)\n\tat java.base/java.lang.reflect.Method.invoke(Method.java:578)\n\tat org.testng.internal.invokers.MethodInvocationHelper.invokeMethod(MethodInvocationHelper.java:139)\n\tat org.testng.internal.invokers.TestInvoker.invokeMethod(TestInvoker.java:677)\n\tat org.testng.internal.invokers.TestInvoker.invokeTestMethod(TestInvoker.java:221)\n\tat org.testng.internal.invokers.MethodRunner.runInSequence(MethodRunner.java:50)\n\tat org.testng.internal.invokers.TestInvoker$MethodInvocationAgent.invoke(TestInvoker.java:969)\n\tat org.testng.internal.invokers.TestInvoker.invokeTestMethods(TestInvoker.java:194)\n\tat org.testng.internal.invokers.TestMethodWorker.invokeTestMethods(TestMethodWorker.java:148)\n\tat org.testng.internal.invokers.TestMethodWorker.run(TestMethodWorker.java:128)\n\tat java.base/java.util.ArrayList.forEach(ArrayList.java:1511)\n\tat org.testng.TestRunner.privateRun(TestRunner.java:829)\n\tat org.testng.TestRunner.run(TestRunner.java:602)\n\tat org.testng.SuiteRunner.runTest(SuiteRunner.java:437)\n\tat org.testng.SuiteRunner$SuiteWorker.run(SuiteRunner.java:475)\n\tat org.testng.internal.thread.ThreadUtil.lambda$execute$0(ThreadUtil.java:58)\n\tat java.base/java.util.concurrent.FutureTask.run(FutureTask.java:317)\n\tat java.base/java.util.concurrent.ThreadPoolExecutor.runWorker(ThreadPoolExecutor.java:1144)\n\tat java.base/java.util.concurrent.ThreadPoolExecutor$Worker.run(ThreadPoolExecutor.java:642)\n\tat java.base/java.lang.Thread.run(Thread.java:1623)\nCaused by: org.openqa.selenium.NoSuchElementException: no such element: Unable to locate element: {\"method\":\"xpath\",\"selector\":\"//p[normalize-space()='SAP Material Number']\"}\n  (Session info: chrome=115.0.5790.170)\nFor documentation on this error, please visit: https://selenium.dev/exceptions/#no_such_element\nBuild info: version: '4.8.1', revision: '8ebccac989'\nSystem info: os.name: 'Mac OS X', os.arch: 'x86_64', os.version: '12.2.1', java.version: '20.0.1'\nDriver info: org.openqa.selenium.chrome.ChromeDriver\nCommand: [6a297303fc2de1da8bb72d49586ba91d, findElement {using=xpath, value=//p[normalize-space()='SAP Material Number']}]\nCapabilities {acceptInsecureCerts: false, browserName: chrome, browserVersion: 115.0.5790.170, chrome: {chromedriverVersion: 114.0.5735.90 (386bc09e8f4f..., userDataDir: /var/folders/jh/f96jk7yd6zx...}, goog:chromeOptions: {debuggerAddress: localhost:59085}, networkConnectionEnabled: false, pageLoadStrategy: normal, platformName: MAC, proxy: Proxy(), se:cdp: ws://localhost:59085/devtoo..., se:cdpVersion: 115.0.5790.170, setWindowRect: true, strictFileInteractability: false, timeouts: {implicit: 0, pageLoad: 300000, script: 30000}, unhandledPromptBehavior: dismiss and notify, webauthn:extension:credBlob: true, webauthn:extension:largeBlob: true, webauthn:extension:minPinLength: true, webauthn:extension:prf: true, webauthn:virtualAuthenticators: true}\nSession ID: 6a297303fc2de1da8bb72d49586ba91d\n\tat java.base/jdk.internal.reflect.DirectConstructorHandleAccessor.newInstance(DirectConstructorHandleAccessor.java:67)\n\tat java.base/java.lang.reflect.Constructor.newInstanceWithCaller(Constructor.java:500)\n\tat java.base/java.lang.reflect.Constructor.newInstance(Constructor.java:484)\n\tat org.openqa.selenium.remote.codec.w3c.W3CHttpResponseCodec.createException(W3CHttpResponseCodec.java:200)\n\tat org.openqa.selenium.remote.codec.w3c.W3CHttpResponseCodec.decode(W3CHttpResponseCodec.java:133)\n\tat org.openqa.selenium.remote.codec.w3c.W3CHttpResponseCodec.decode(W3CHttpResponseCodec.java:53)\n\tat org.openqa.selenium.remote.HttpCommandExecutor.execute(HttpCommandExecutor.java:184)\n\tat org.openqa.selenium.remote.service.DriverCommandExecutor.invokeExecute(DriverCommandExecutor.java:167)\n\tat org.openqa.selenium.remote.service.DriverCommandExecutor.execute(DriverCommandExecutor.java:142)\n\tat org.openqa.selenium.remote.RemoteWebDriver.execute(RemoteWebDriver.java:543)\n\tat org.openqa.selenium.remote.ElementLocation$ElementFinder$2.findElement(ElementLocation.java:162)\n\tat org.openqa.selenium.remote.ElementLocation.findElement(ElementLocation.java:60)\n\tat org.openqa.selenium.remote.RemoteWebDriver.findElement(RemoteWebDriver.java:352)\n\tat org.openqa.selenium.remote.RemoteWebDriver.findElement(RemoteWebDriver.java:344)\n\tat org.openqa.selenium.support.pagefactory.DefaultElementLocator.findElement(DefaultElementLocator.java:70)\n\tat org.openqa.selenium.support.pagefactory.internal.LocatingElementHandler.invoke(LocatingElementHandler.java:39)\n\tat jdk.proxy2/jdk.proxy2.$Proxy14.isDisplayed(Unknown Source)\n\tat org.openqa.selenium.support.ui.ExpectedConditions.elementIfVisible(ExpectedConditions.java:307)\n\tat org.openqa.selenium.support.ui.ExpectedConditions.access$000(ExpectedConditions.java:40)\n\tat org.openqa.selenium.support.ui.ExpectedConditions$10.apply(ExpectedConditions.java:293)\n\tat org.openqa.selenium.support.ui.ExpectedConditions$10.apply(ExpectedConditions.java:290)\n\tat org.openqa.selenium.support.ui.FluentWait.until(FluentWait.java:208)\n\t... 23 more\n"},"stage":"finished","steps":[{"name":"Step 0 : Open the browser","status":"passed","stage":"finished","steps":[],"attachments":[],"parameters":[],"start":1691731366477,"stop":1691731366478},{"name":"Step 1 : Environment requested: QAR","status":"passed","stage":"finished","steps":[],"attachments":[],"parameters":[],"start":1691731366488,"stop":1691731366488},{"name":"Step 2 : Enter the URL: https://fuse-int.masterdataonline.com/ngx-auth/en/index.html#/auth/MarcusOne/enter-username","status":"passed","stage":"finished","steps":[],"attachments":[],"parameters":[],"start":1691731366489,"stop":1691731366489},{"name":"Step 3 : Entering username: Auto_initiator@yopmail.com","status":"passed","stage":"finished","steps":[],"attachments":[],"parameters":[],"start":1691731368888,"stop":1691731368888},{"name":"Step 4 : Click on continue button","status":"passed","stage":"finished","steps":[],"attachments":[],"parameters":[],"start":1691731371204,"stop":1691731371204},{"name":"Step 5 : Entering password: Welcome@123","status":"passed","stage":"finished","steps":[],"attachments":[],"parameters":[],"start":1691731373480,"stop":1691731373480},{"name":"Step 6 : Click on login button","status":"passed","stage":"finished","steps":[],"attachments":[],"parameters":[],"start":1691731373608,"stop":1691731373608},{"name":"Step 7 : Select Tenant 1","status":"passed","stage":"finished","steps":[],"attachments":[],"parameters":[],"start":1691731375853,"stop":1691731375853},{"name":"Step 8 : verify Home page appear","status":"passed","stage":"finished","steps":[],"attachments":[],"parameters":[],"start":1691731434043,"stop":1691731434043},{"name":"Step 9 : Verify Env URL: https://qar.masterdataonline.com/ui/en/index.html#/home/dash/welcome","status":"passed","stage":"finished","steps":[],"attachments":[],"parameters":[],"start":1691731434087,"stop":1691731434087},{"name":"Step 10 : Click on Data tab","status":"passed","stage":"finished","steps":[],"attachments":[],"parameters":[],"start":1691731435092,"stop":1691731435092},{"name":"Step 11 : Click on Material master from left nav","status":"passed","stage":"finished","steps":[],"attachments":[],"parameters":[],"start":1691731439507,"stop":1691731439508},{"name":"Step 12 : Click on view dropdown icon","status":"passed","stage":"finished","steps":[],"attachments":[],"parameters":[],"start":1691731445343,"stop":1691731445343},{"name":"Step 13 : Click on Default view option","status":"passed","stage":"finished","steps":[],"attachments":[],"parameters":[],"start":1691731445933,"stop":1691731445934},{"name":"Step 14 : Click on Filter icon","status":"passed","stage":"finished","steps":[],"attachments":[],"parameters":[],"start":1691731448253,"stop":1691731448253}],"attachments":[],"parameters":[{"name":"env","value":"QAR"}],"start":1691731366475,"stop":1691731470714}