{"uuid":"a6bf0845-2d8b-4129-9b48-9b27364b76a4","historyId":"246a5d88f896ebf854963e6d2a173e0b","fullName":"Test.ProcessLogTestcases.verify_Classification_Data_Changes_Maintained_In_The_Process_Log_For_Parent_Dataset_Or_Related_Dataset_Record","labels":[{"name":"package","value":"Test.ProcessLogTestcases"},{"name":"testClass","value":"Test.ProcessLogTestcases"},{"name":"testMethod","value":"verify_Classification_Data_Changes_Maintained_In_The_Process_Log_For_Parent_Dataset_Or_Related_Dataset_Record"},{"name":"parentSuite","value":"Process Log Automation Testcases"},{"name":"suite","value":"verify Classification Data Changes Maintained In The Process Log For Parent Dataset OrRelated Dataset Record"},{"name":"subSuite","value":"Test.ProcessLogTestcases"},{"name":"host","value":"QA-MacBook-Pro-2.local"},{"name":"thread","value":"20378@QA-MacBook-Pro-2.local.TestNG-tests-1(28)"},{"name":"framework","value":"testng"},{"name":"language","value":"java"}],"links":[],"name":"verify_Classification_Data_Changes_Maintained_In_The_Process_Log_For_Parent_Dataset_Or_Related_Dataset_Record","status":"broken","statusDetails":{"known":false,"muted":false,"flaky":false,"message":"Expected condition failed: waiting for visibility of Proxy element for: DefaultElementLocator 'By.xpath: //p[normalize-space()='Unit of Weight']//..//..//div//button' (tried for 20 second(s) with 500 milliseconds interval)","trace":"org.openqa.selenium.TimeoutException: Expected condition failed: waiting for visibility of Proxy element for: DefaultElementLocator 'By.xpath: //p[normalize-space()='Unit of Weight']//..//..//div//button' (tried for 20 second(s) with 500 milliseconds interval)\n\tat org.openqa.selenium.support.ui.WebDriverWait.timeoutException(WebDriverWait.java:87)\n\tat org.openqa.selenium.support.ui.FluentWait.until(FluentWait.java:231)\n\tat Utils.Common.waitUntilElementToBeVisible(Common.java:417)\n\tat Page.ProcessLog.verify_Classification_Data_Changes_Maintained_In_The_Process_Log(ProcessLog.java:308)\n\tat Test.ProcessLogTestcases.verify_Classification_Data_Changes_Maintained_In_The_Process_Log_For_Parent_Dataset_Or_Related_Dataset_Record(ProcessLogTestcases.java:91)\n\tat java.base/jdk.internal.reflect.DirectMethodHandleAccessor.invoke(DirectMethodHandleAccessor.java:104)\n\tat java.base/java.lang.reflect.Method.invoke(Method.java:578)\n\tat org.testng.internal.invokers.MethodInvocationHelper.invokeMethod(MethodInvocationHelper.java:139)\n\tat org.testng.internal.invokers.TestInvoker.invokeMethod(TestInvoker.java:677)\n\tat org.testng.internal.invokers.TestInvoker.invokeTestMethod(TestInvoker.java:221)\n\tat org.testng.internal.invokers.MethodRunner.runInSequence(MethodRunner.java:50)\n\tat org.testng.internal.invokers.TestInvoker$MethodInvocationAgent.invoke(TestInvoker.java:969)\n\tat org.testng.internal.invokers.TestInvoker.invokeTestMethods(TestInvoker.java:194)\n\tat org.testng.internal.invokers.TestMethodWorker.invokeTestMethods(TestMethodWorker.java:148)\n\tat org.testng.internal.invokers.TestMethodWorker.run(TestMethodWorker.java:128)\n\tat java.base/java.util.ArrayList.forEach(ArrayList.java:1511)\n\tat org.testng.TestRunner.privateRun(TestRunner.java:829)\n\tat org.testng.TestRunner.run(TestRunner.java:602)\n\tat org.testng.SuiteRunner.runTest(SuiteRunner.java:437)\n\tat org.testng.SuiteRunner$SuiteWorker.run(SuiteRunner.java:475)\n\tat org.testng.internal.thread.ThreadUtil.lambda$execute$0(ThreadUtil.java:58)\n\tat java.base/java.util.concurrent.FutureTask.run(FutureTask.java:317)\n\tat java.base/java.util.concurrent.ThreadPoolExecutor.runWorker(ThreadPoolExecutor.java:1144)\n\tat java.base/java.util.concurrent.ThreadPoolExecutor$Worker.run(ThreadPoolExecutor.java:642)\n\tat java.base/java.lang.Thread.run(Thread.java:1623)\nCaused by: org.openqa.selenium.NoSuchElementException: no such element: Unable to locate element: {\"method\":\"xpath\",\"selector\":\"//p[normalize-space()='Unit of Weight']//..//..//div//button\"}\n  (Session info: chrome=115.0.5790.170)\nFor documentation on this error, please visit: https://selenium.dev/exceptions/#no_such_element\nBuild info: version: '4.8.1', revision: '8ebccac989'\nSystem info: os.name: 'Mac OS X', os.arch: 'x86_64', os.version: '12.2.1', java.version: '20.0.1'\nDriver info: org.openqa.selenium.chrome.ChromeDriver\nCommand: [d394b970368befb4fe9b2557df773514, findElement {using=xpath, value=//p[normalize-space()='Unit of Weight']//..//..//div//button}]\nCapabilities {acceptInsecureCerts: false, browserName: chrome, browserVersion: 115.0.5790.170, chrome: {chromedriverVersion: 114.0.5735.90 (386bc09e8f4f..., userDataDir: /var/folders/jh/f96jk7yd6zx...}, goog:chromeOptions: {debuggerAddress: localhost:65074}, networkConnectionEnabled: false, pageLoadStrategy: normal, platformName: MAC, proxy: Proxy(), se:cdp: ws://localhost:65074/devtoo..., se:cdpVersion: 115.0.5790.170, setWindowRect: true, strictFileInteractability: false, timeouts: {implicit: 0, pageLoad: 300000, script: 30000}, unhandledPromptBehavior: dismiss and notify, webauthn:extension:credBlob: true, webauthn:extension:largeBlob: true, webauthn:extension:minPinLength: true, webauthn:extension:prf: true, webauthn:virtualAuthenticators: true}\nSession ID: d394b970368befb4fe9b2557df773514\n\tat java.base/jdk.internal.reflect.DirectConstructorHandleAccessor.newInstance(DirectConstructorHandleAccessor.java:67)\n\tat java.base/java.lang.reflect.Constructor.newInstanceWithCaller(Constructor.java:500)\n\tat java.base/java.lang.reflect.Constructor.newInstance(Constructor.java:484)\n\tat org.openqa.selenium.remote.codec.w3c.W3CHttpResponseCodec.createException(W3CHttpResponseCodec.java:200)\n\tat org.openqa.selenium.remote.codec.w3c.W3CHttpResponseCodec.decode(W3CHttpResponseCodec.java:133)\n\tat org.openqa.selenium.remote.codec.w3c.W3CHttpResponseCodec.decode(W3CHttpResponseCodec.java:53)\n\tat org.openqa.selenium.remote.HttpCommandExecutor.execute(HttpCommandExecutor.java:184)\n\tat org.openqa.selenium.remote.service.DriverCommandExecutor.invokeExecute(DriverCommandExecutor.java:167)\n\tat org.openqa.selenium.remote.service.DriverCommandExecutor.execute(DriverCommandExecutor.java:142)\n\tat org.openqa.selenium.remote.RemoteWebDriver.execute(RemoteWebDriver.java:543)\n\tat org.openqa.selenium.remote.ElementLocation$ElementFinder$2.findElement(ElementLocation.java:162)\n\tat org.openqa.selenium.remote.ElementLocation.findElement(ElementLocation.java:60)\n\tat org.openqa.selenium.remote.RemoteWebDriver.findElement(RemoteWebDriver.java:352)\n\tat org.openqa.selenium.remote.RemoteWebDriver.findElement(RemoteWebDriver.java:344)\n\tat org.openqa.selenium.support.pagefactory.DefaultElementLocator.findElement(DefaultElementLocator.java:70)\n\tat org.openqa.selenium.support.pagefactory.internal.LocatingElementHandler.invoke(LocatingElementHandler.java:39)\n\tat jdk.proxy2/jdk.proxy2.$Proxy14.isDisplayed(Unknown Source)\n\tat org.openqa.selenium.support.ui.ExpectedConditions.elementIfVisible(ExpectedConditions.java:307)\n\tat org.openqa.selenium.support.ui.ExpectedConditions.access$000(ExpectedConditions.java:40)\n\tat org.openqa.selenium.support.ui.ExpectedConditions$10.apply(ExpectedConditions.java:293)\n\tat org.openqa.selenium.support.ui.ExpectedConditions$10.apply(ExpectedConditions.java:290)\n\tat org.openqa.selenium.support.ui.FluentWait.until(FluentWait.java:208)\n\t... 23 more\n"},"stage":"finished","steps":[{"name":"Step 0 : Open the browser","status":"passed","stage":"finished","steps":[],"attachments":[],"parameters":[],"start":1691732766273,"stop":1691732766273},{"name":"Step 1 : Environment requested: QAR","status":"passed","stage":"finished","steps":[],"attachments":[],"parameters":[],"start":1691732766273,"stop":1691732766273},{"name":"Step 2 : Enter the URL: https://fuse-int.masterdataonline.com/ngx-auth/en/index.html#/auth/MarcusOne/enter-username","status":"passed","stage":"finished","steps":[],"attachments":[],"parameters":[],"start":1691732766273,"stop":1691732766274},{"name":"Step 3 : Entering username: Auto_initiator@yopmail.com","status":"passed","stage":"finished","steps":[],"attachments":[],"parameters":[],"start":1691732768547,"stop":1691732768547},{"name":"Step 4 : Click on continue button","status":"passed","stage":"finished","steps":[],"attachments":[],"parameters":[],"start":1691732770760,"stop":1691732770760},{"name":"Step 5 : Entering password: Welcome@123","status":"passed","stage":"finished","steps":[],"attachments":[],"parameters":[],"start":1691732772871,"stop":1691732772871},{"name":"Step 6 : Click on login button","status":"passed","stage":"finished","steps":[],"attachments":[],"parameters":[],"start":1691732772977,"stop":1691732772977},{"name":"Step 7 : Select Tenant 1","status":"passed","stage":"finished","steps":[],"attachments":[],"parameters":[],"start":1691732775164,"stop":1691732775164},{"name":"Step 8 : verify Home page appear","status":"passed","stage":"finished","steps":[],"attachments":[],"parameters":[],"start":1691732827524,"stop":1691732827524},{"name":"Step 9 : Verify Env URL: https://qar.masterdataonline.com/ui/en/index.html#/home/dash/welcome","status":"passed","stage":"finished","steps":[],"attachments":[],"parameters":[],"start":1691732827562,"stop":1691732827563},{"name":"Step 10 : Click on Data tab","status":"passed","stage":"finished","steps":[],"attachments":[],"parameters":[],"start":1691732827590,"stop":1691732827590},{"name":"Step 11 : Click on Material master from left nav","status":"passed","stage":"finished","steps":[],"attachments":[],"parameters":[],"start":1691732829153,"stop":1691732829153},{"name":"Step 12 : Click on view dropdown icon","status":"passed","stage":"finished","steps":[],"attachments":[],"parameters":[],"start":1691732832965,"stop":1691732832965},{"name":"Step 13 : Click on Default view option","status":"passed","stage":"finished","steps":[],"attachments":[],"parameters":[],"start":1691732833567,"stop":1691732833567},{"name":"Step 14 : Material master number is : ERSA0000663394","status":"passed","stage":"finished","steps":[],"attachments":[],"parameters":[],"start":1691732835968,"stop":1691732835968},{"name":"Step 15 : Set filter status as a system","status":"passed","stage":"finished","steps":[],"attachments":[],"parameters":[],"start":1691732835968,"stop":1691732835968},{"name":"Step 16 : Click on edit","status":"passed","stage":"finished","steps":[],"attachments":[],"parameters":[],"start":1691732839329,"stop":1691732839329},{"name":"Step 17 : Click on Sequential Material option","status":"passed","stage":"finished","steps":[],"attachments":[],"parameters":[],"start":1691732841713,"stop":1691732841713}],"attachments":[],"parameters":[{"name":"env","value":"QAR"}],"start":1691732766272,"stop":1691732862209}