{"uuid":"c75d8485-acba-404f-8590-230681e467d5","historyId":"7273997881c04f2399b172987b74af6c","fullName":"Test.HighLevelTestcases.verifying_Material_Creation_Flow","labels":[{"name":"package","value":"Test.HighLevelTestcases"},{"name":"testClass","value":"Test.HighLevelTestcases"},{"name":"testMethod","value":"verifying_Material_Creation_Flow"},{"name":"parentSuite","value":"Home Page Automation Testcases"},{"name":"suite","value":"verifying Material Creation Flow"},{"name":"subSuite","value":"Test.HighLevelTestcases"},{"name":"host","value":"QA-MacBook-Pro-2.local"},{"name":"thread","value":"23200@QA-MacBook-Pro-2.local.TestNG-tests-1(28)"},{"name":"framework","value":"testng"},{"name":"language","value":"java"}],"links":[],"name":"verifying_Material_Creation_Flow","status":"broken","statusDetails":{"known":false,"muted":false,"flaky":false,"message":"Expected condition failed: waiting for visibility of Proxy element for: DefaultElementLocator 'By.xpath: //p[normalize-space()='Material Type']//..//..//div//input' (tried for 20 second(s) with 500 milliseconds interval)","trace":"org.openqa.selenium.TimeoutException: Expected condition failed: waiting for visibility of Proxy element for: DefaultElementLocator 'By.xpath: //p[normalize-space()='Material Type']//..//..//div//input' (tried for 20 second(s) with 500 milliseconds interval)\n\tat org.openqa.selenium.support.ui.WebDriverWait.timeoutException(WebDriverWait.java:87)\n\tat org.openqa.selenium.support.ui.FluentWait.until(FluentWait.java:231)\n\tat Utils.Common.waitUntilElementToBeVisible(Common.java:417)\n\tat Page.AddMaterialMaster.addNewMaterialMaster(AddMaterialMaster.java:76)\n\tat Test.HighLevelTestcases.verifying_Material_Creation_Flow(HighLevelTestcases.java:24)\n\tat java.base/jdk.internal.reflect.DirectMethodHandleAccessor.invoke(DirectMethodHandleAccessor.java:104)\n\tat java.base/java.lang.reflect.Method.invoke(Method.java:578)\n\tat org.testng.internal.invokers.MethodInvocationHelper.invokeMethod(MethodInvocationHelper.java:139)\n\tat org.testng.internal.invokers.TestInvoker.invokeMethod(TestInvoker.java:677)\n\tat org.testng.internal.invokers.TestInvoker.invokeTestMethod(TestInvoker.java:221)\n\tat org.testng.internal.invokers.MethodRunner.runInSequence(MethodRunner.java:50)\n\tat org.testng.internal.invokers.TestInvoker$MethodInvocationAgent.invoke(TestInvoker.java:969)\n\tat org.testng.internal.invokers.TestInvoker.invokeTestMethods(TestInvoker.java:194)\n\tat org.testng.internal.invokers.TestMethodWorker.invokeTestMethods(TestMethodWorker.java:148)\n\tat org.testng.internal.invokers.TestMethodWorker.run(TestMethodWorker.java:128)\n\tat java.base/java.util.ArrayList.forEach(ArrayList.java:1511)\n\tat org.testng.TestRunner.privateRun(TestRunner.java:829)\n\tat org.testng.TestRunner.run(TestRunner.java:602)\n\tat org.testng.SuiteRunner.runTest(SuiteRunner.java:437)\n\tat org.testng.SuiteRunner$SuiteWorker.run(SuiteRunner.java:475)\n\tat org.testng.internal.thread.ThreadUtil.lambda$execute$0(ThreadUtil.java:58)\n\tat java.base/java.util.concurrent.FutureTask.run(FutureTask.java:317)\n\tat java.base/java.util.concurrent.ThreadPoolExecutor.runWorker(ThreadPoolExecutor.java:1144)\n\tat java.base/java.util.concurrent.ThreadPoolExecutor$Worker.run(ThreadPoolExecutor.java:642)\n\tat java.base/java.lang.Thread.run(Thread.java:1623)\nCaused by: org.openqa.selenium.NoSuchElementException: no such element: Unable to locate element: {\"method\":\"xpath\",\"selector\":\"//p[normalize-space()='Material Type']//..//..//div//input\"}\n  (Session info: chrome=115.0.5790.170)\nFor documentation on this error, please visit: https://selenium.dev/exceptions/#no_such_element\nBuild info: version: '4.8.1', revision: '8ebccac989'\nSystem info: os.name: 'Mac OS X', os.arch: 'x86_64', os.version: '12.2.1', java.version: '20.0.1'\nDriver info: org.openqa.selenium.chrome.ChromeDriver\nCommand: [2327a3c97e29b5f1bad56c4f1f1f931d, findElement {using=xpath, value=//p[normalize-space()='Material Type']//..//..//div//input}]\nCapabilities {acceptInsecureCerts: false, browserName: chrome, browserVersion: 115.0.5790.170, chrome: {chromedriverVersion: 114.0.5735.90 (386bc09e8f4f..., userDataDir: /var/folders/jh/f96jk7yd6zx...}, goog:chromeOptions: {debuggerAddress: localhost:55291}, networkConnectionEnabled: false, pageLoadStrategy: normal, platformName: MAC, proxy: Proxy(), se:cdp: ws://localhost:55291/devtoo..., se:cdpVersion: 115.0.5790.170, setWindowRect: true, strictFileInteractability: false, timeouts: {implicit: 0, pageLoad: 300000, script: 30000}, unhandledPromptBehavior: dismiss and notify, webauthn:extension:credBlob: true, webauthn:extension:largeBlob: true, webauthn:extension:minPinLength: true, webauthn:extension:prf: true, webauthn:virtualAuthenticators: true}\nSession ID: 2327a3c97e29b5f1bad56c4f1f1f931d\n\tat java.base/jdk.internal.reflect.DirectConstructorHandleAccessor.newInstance(DirectConstructorHandleAccessor.java:67)\n\tat java.base/java.lang.reflect.Constructor.newInstanceWithCaller(Constructor.java:500)\n\tat java.base/java.lang.reflect.Constructor.newInstance(Constructor.java:484)\n\tat org.openqa.selenium.remote.codec.w3c.W3CHttpResponseCodec.createException(W3CHttpResponseCodec.java:200)\n\tat org.openqa.selenium.remote.codec.w3c.W3CHttpResponseCodec.decode(W3CHttpResponseCodec.java:133)\n\tat org.openqa.selenium.remote.codec.w3c.W3CHttpResponseCodec.decode(W3CHttpResponseCodec.java:53)\n\tat org.openqa.selenium.remote.HttpCommandExecutor.execute(HttpCommandExecutor.java:184)\n\tat org.openqa.selenium.remote.service.DriverCommandExecutor.invokeExecute(DriverCommandExecutor.java:167)\n\tat org.openqa.selenium.remote.service.DriverCommandExecutor.execute(DriverCommandExecutor.java:142)\n\tat org.openqa.selenium.remote.RemoteWebDriver.execute(RemoteWebDriver.java:543)\n\tat org.openqa.selenium.remote.ElementLocation$ElementFinder$2.findElement(ElementLocation.java:162)\n\tat org.openqa.selenium.remote.ElementLocation.findElement(ElementLocation.java:60)\n\tat org.openqa.selenium.remote.RemoteWebDriver.findElement(RemoteWebDriver.java:352)\n\tat org.openqa.selenium.remote.RemoteWebDriver.findElement(RemoteWebDriver.java:344)\n\tat org.openqa.selenium.support.pagefactory.DefaultElementLocator.findElement(DefaultElementLocator.java:70)\n\tat org.openqa.selenium.support.pagefactory.internal.LocatingElementHandler.invoke(LocatingElementHandler.java:39)\n\tat jdk.proxy2/jdk.proxy2.$Proxy14.isDisplayed(Unknown Source)\n\tat org.openqa.selenium.support.ui.ExpectedConditions.elementIfVisible(ExpectedConditions.java:307)\n\tat org.openqa.selenium.support.ui.ExpectedConditions.access$000(ExpectedConditions.java:40)\n\tat org.openqa.selenium.support.ui.ExpectedConditions$10.apply(ExpectedConditions.java:293)\n\tat org.openqa.selenium.support.ui.ExpectedConditions$10.apply(ExpectedConditions.java:290)\n\tat org.openqa.selenium.support.ui.FluentWait.until(FluentWait.java:208)\n\t... 23 more\n"},"stage":"finished","steps":[{"name":"Step 0 : Open the browser","status":"passed","stage":"finished","steps":[],"attachments":[],"parameters":[],"start":1691734379513,"stop":1691734379514},{"name":"Step 1 : Environment requested: QAR","status":"passed","stage":"finished","steps":[],"attachments":[],"parameters":[],"start":1691734379515,"stop":1691734379516},{"name":"Step 2 : Enter the URL: https://fuse-int.masterdataonline.com/ngx-auth/en/index.html#/auth/MarcusOne/enter-username","status":"passed","stage":"finished","steps":[],"attachments":[],"parameters":[],"start":1691734379516,"stop":1691734379516},{"name":"Step 3 : Entering username: Auto_initiator@yopmail.com","status":"passed","stage":"finished","steps":[],"attachments":[],"parameters":[],"start":1691734381736,"stop":1691734381736},{"name":"Step 4 : Click on continue button","status":"passed","stage":"finished","steps":[],"attachments":[],"parameters":[],"start":1691734384061,"stop":1691734384061},{"name":"Step 5 : Entering password: Welcome@123","status":"passed","stage":"finished","steps":[],"attachments":[],"parameters":[],"start":1691734386216,"stop":1691734386216},{"name":"Step 6 : Click on login button","status":"passed","stage":"finished","steps":[],"attachments":[],"parameters":[],"start":1691734386339,"stop":1691734386339},{"name":"Step 7 : Select Tenant 1","status":"passed","stage":"finished","steps":[],"attachments":[],"parameters":[],"start":1691734388585,"stop":1691734388585},{"name":"Step 8 : verify Home page appear","status":"passed","stage":"finished","steps":[],"attachments":[],"parameters":[],"start":1691734444166,"stop":1691734444166},{"name":"Step 9 : Verify Env URL: https://qar.masterdataonline.com/ui/en/index.html#/home/dash/dashboard/view/982534517894","status":"passed","stage":"finished","steps":[],"attachments":[],"parameters":[],"start":1691734444217,"stop":1691734444217},{"name":"Step 10 : Click on Data tab","status":"passed","stage":"finished","steps":[],"attachments":[],"parameters":[],"start":1691734444256,"stop":1691734444256},{"name":"Step 11 : Click on Material master from left side menus","status":"passed","stage":"finished","steps":[],"attachments":[],"parameters":[],"start":1691734445608,"stop":1691734445608},{"name":"Step 12 : Click on view dropdown icon","status":"passed","stage":"finished","steps":[],"attachments":[],"parameters":[],"start":1691734450668,"stop":1691734450668},{"name":"Step 13 : Click on Default view option","status":"passed","stage":"finished","steps":[],"attachments":[],"parameters":[],"start":1691734451261,"stop":1691734451261},{"name":"Step 14 : Click on add new record button","status":"passed","stage":"finished","steps":[],"attachments":[],"parameters":[],"start":1691734453590,"stop":1691734453590},{"name":"Step 15 : Click on Sequential Material option","status":"passed","stage":"finished","steps":[],"attachments":[],"parameters":[],"start":1691734454886,"stop":1691734454886}],"attachments":[],"parameters":[{"name":"env","value":"QAR"}],"start":1691734379508,"stop":1691734476326}