{"uuid":"ee92469f-ad13-4497-9f31-f45e7bd5f840","historyId":"27edb67664324486a464d6ba4bb19cb0","fullName":"Test.ProcessLogTestcases.verify_Classification_Data_Changes_Maintained_In_The_Process_Log_For_Parent_Dataset_Or_Related_Dataset_Record","labels":[{"name":"package","value":"Test.ProcessLogTestcases"},{"name":"testClass","value":"Test.ProcessLogTestcases"},{"name":"testMethod","value":"verify_Classification_Data_Changes_Maintained_In_The_Process_Log_For_Parent_Dataset_Or_Related_Dataset_Record"},{"name":"parentSuite","value":"Process Log Automation Testcases"},{"name":"suite","value":"verify Classification Data Changes Maintained In The Process Log For Parent Dataset OrRelated Dataset Record"},{"name":"subSuite","value":"Test.ProcessLogTestcases"},{"name":"host","value":"QA-MacBook-Pro-2.local"},{"name":"thread","value":"30834@QA-MacBook-Pro-2.local.TestNG-tests-1(487)"},{"name":"framework","value":"testng"},{"name":"language","value":"java"}],"links":[],"name":"verify_Classification_Data_Changes_Maintained_In_The_Process_Log_For_Parent_Dataset_Or_Related_Dataset_Record","status":"broken","statusDetails":{"known":false,"muted":false,"flaky":false,"message":"Expected condition failed: waiting for visibility of Proxy element for: DefaultElementLocator 'By.xpath: //div[@role='listbox']//mat-option[1]' (tried for 20 second(s) with 500 milliseconds interval)","trace":"org.openqa.selenium.TimeoutException: Expected condition failed: waiting for visibility of Proxy element for: DefaultElementLocator 'By.xpath: //div[@role='listbox']//mat-option[1]' (tried for 20 second(s) with 500 milliseconds interval)\n\tat org.openqa.selenium.support.ui.WebDriverWait.timeoutException(WebDriverWait.java:87)\n\tat org.openqa.selenium.support.ui.FluentWait.until(FluentWait.java:231)\n\tat Utils.Common.waitUntilElementToBeVisible(Common.java:417)\n\tat Page.ProcessLog.verify_Classification_Data_Changes_Maintained_In_The_Process_Log(ProcessLog.java:310)\n\tat Test.ProcessLogTestcases.verify_Classification_Data_Changes_Maintained_In_The_Process_Log_For_Parent_Dataset_Or_Related_Dataset_Record(ProcessLogTestcases.java:91)\n\tat java.base/jdk.internal.reflect.DirectMethodHandleAccessor.invoke(DirectMethodHandleAccessor.java:104)\n\tat java.base/java.lang.reflect.Method.invoke(Method.java:578)\n\tat org.testng.internal.invokers.MethodInvocationHelper.invokeMethod(MethodInvocationHelper.java:139)\n\tat org.testng.internal.invokers.TestInvoker.invokeMethod(TestInvoker.java:677)\n\tat org.testng.internal.invokers.TestInvoker.invokeTestMethod(TestInvoker.java:221)\n\tat org.testng.internal.invokers.MethodRunner.runInSequence(MethodRunner.java:50)\n\tat org.testng.internal.invokers.TestInvoker$MethodInvocationAgent.invoke(TestInvoker.java:969)\n\tat org.testng.internal.invokers.TestInvoker.invokeTestMethods(TestInvoker.java:194)\n\tat org.testng.internal.invokers.TestMethodWorker.invokeTestMethods(TestMethodWorker.java:148)\n\tat org.testng.internal.invokers.TestMethodWorker.run(TestMethodWorker.java:128)\n\tat java.base/java.util.ArrayList.forEach(ArrayList.java:1511)\n\tat org.testng.TestRunner.privateRun(TestRunner.java:829)\n\tat org.testng.TestRunner.run(TestRunner.java:602)\n\tat org.testng.SuiteRunner.runTest(SuiteRunner.java:437)\n\tat org.testng.SuiteRunner$SuiteWorker.run(SuiteRunner.java:475)\n\tat org.testng.internal.thread.ThreadUtil.lambda$execute$0(ThreadUtil.java:58)\n\tat java.base/java.util.concurrent.FutureTask.run(FutureTask.java:317)\n\tat java.base/java.util.concurrent.ThreadPoolExecutor.runWorker(ThreadPoolExecutor.java:1144)\n\tat java.base/java.util.concurrent.ThreadPoolExecutor$Worker.run(ThreadPoolExecutor.java:642)\n\tat java.base/java.lang.Thread.run(Thread.java:1623)\nCaused by: org.openqa.selenium.NoSuchElementException: no such element: Unable to locate element: {\"method\":\"xpath\",\"selector\":\"//div[@role='listbox']//mat-option[1]\"}\n  (Session info: chrome=115.0.5790.170)\nFor documentation on this error, please visit: https://selenium.dev/exceptions/#no_such_element\nBuild info: version: '4.8.1', revision: '8ebccac989'\nSystem info: os.name: 'Mac OS X', os.arch: 'x86_64', os.version: '12.2.1', java.version: '20.0.1'\nDriver info: org.openqa.selenium.chrome.ChromeDriver\nCommand: [1249c9634a10312fc9731196d2ab4a7f, findElement {using=xpath, value=//div[@role='listbox']//mat-option[1]}]\nCapabilities {acceptInsecureCerts: false, browserName: chrome, browserVersion: 115.0.5790.170, chrome: {chromedriverVersion: 114.0.5735.90 (386bc09e8f4f..., userDataDir: /var/folders/jh/f96jk7yd6zx...}, goog:chromeOptions: {debuggerAddress: localhost:52538}, networkConnectionEnabled: false, pageLoadStrategy: normal, platformName: MAC, proxy: Proxy(), se:cdp: ws://localhost:52538/devtoo..., se:cdpVersion: 115.0.5790.170, setWindowRect: true, strictFileInteractability: false, timeouts: {implicit: 0, pageLoad: 300000, script: 30000}, unhandledPromptBehavior: dismiss and notify, webauthn:extension:credBlob: true, webauthn:extension:largeBlob: true, webauthn:extension:minPinLength: true, webauthn:extension:prf: true, webauthn:virtualAuthenticators: true}\nSession ID: 1249c9634a10312fc9731196d2ab4a7f\n\tat java.base/jdk.internal.reflect.DirectConstructorHandleAccessor.newInstance(DirectConstructorHandleAccessor.java:67)\n\tat java.base/java.lang.reflect.Constructor.newInstanceWithCaller(Constructor.java:500)\n\tat java.base/java.lang.reflect.Constructor.newInstance(Constructor.java:484)\n\tat org.openqa.selenium.remote.codec.w3c.W3CHttpResponseCodec.createException(W3CHttpResponseCodec.java:200)\n\tat org.openqa.selenium.remote.codec.w3c.W3CHttpResponseCodec.decode(W3CHttpResponseCodec.java:133)\n\tat org.openqa.selenium.remote.codec.w3c.W3CHttpResponseCodec.decode(W3CHttpResponseCodec.java:53)\n\tat org.openqa.selenium.remote.HttpCommandExecutor.execute(HttpCommandExecutor.java:184)\n\tat org.openqa.selenium.remote.service.DriverCommandExecutor.invokeExecute(DriverCommandExecutor.java:167)\n\tat org.openqa.selenium.remote.service.DriverCommandExecutor.execute(DriverCommandExecutor.java:142)\n\tat org.openqa.selenium.remote.RemoteWebDriver.execute(RemoteWebDriver.java:543)\n\tat org.openqa.selenium.remote.ElementLocation$ElementFinder$2.findElement(ElementLocation.java:162)\n\tat org.openqa.selenium.remote.ElementLocation.findElement(ElementLocation.java:60)\n\tat org.openqa.selenium.remote.RemoteWebDriver.findElement(RemoteWebDriver.java:352)\n\tat org.openqa.selenium.remote.RemoteWebDriver.findElement(RemoteWebDriver.java:344)\n\tat org.openqa.selenium.support.pagefactory.DefaultElementLocator.findElement(DefaultElementLocator.java:70)\n\tat org.openqa.selenium.support.pagefactory.internal.LocatingElementHandler.invoke(LocatingElementHandler.java:39)\n\tat jdk.proxy2/jdk.proxy2.$Proxy14.isDisplayed(Unknown Source)\n\tat org.openqa.selenium.support.ui.ExpectedConditions.elementIfVisible(ExpectedConditions.java:307)\n\tat org.openqa.selenium.support.ui.ExpectedConditions.access$000(ExpectedConditions.java:40)\n\tat org.openqa.selenium.support.ui.ExpectedConditions$10.apply(ExpectedConditions.java:293)\n\tat org.openqa.selenium.support.ui.ExpectedConditions$10.apply(ExpectedConditions.java:290)\n\tat org.openqa.selenium.support.ui.FluentWait.until(FluentWait.java:208)\n\t... 23 more\n"},"stage":"finished","steps":[{"name":"Step 0 : Open the browser","status":"passed","stage":"finished","steps":[],"attachments":[],"parameters":[],"start":1691741224122,"stop":1691741224122},{"name":"Step 1 : Environment requested: SAND","status":"passed","stage":"finished","steps":[],"attachments":[],"parameters":[],"start":1691741224127,"stop":1691741224127},{"name":"Step 2 : Enter the URL: https://fuse.masterdataonline.com/ngx-auth/en/index.html#/auth/prosqa/enter-username","status":"passed","stage":"finished","steps":[],"attachments":[],"parameters":[],"start":1691741224127,"stop":1691741224127},{"name":"Step 3 : Entering username: Rahul.initiator@yopmail.com","status":"passed","stage":"finished","steps":[],"attachments":[],"parameters":[],"start":1691741228455,"stop":1691741228455},{"name":"Step 4 : Click on continue button","status":"passed","stage":"finished","steps":[],"attachments":[],"parameters":[],"start":1691741230681,"stop":1691741230681},{"name":"Step 5 : Entering password: Welcome@123","status":"passed","stage":"finished","steps":[],"attachments":[],"parameters":[],"start":1691741232799,"stop":1691741232799},{"name":"Step 6 : Click on login button","status":"passed","stage":"finished","steps":[],"attachments":[],"parameters":[],"start":1691741232899,"stop":1691741232899},{"name":"Step 7 : verify Home page appear","status":"passed","stage":"finished","steps":[],"attachments":[],"parameters":[],"start":1691741236045,"stop":1691741236045},{"name":"Step 8 : Verify Env URL: https://fuse-aps-sb.masterdataonline.com/ui/en/index.html#/home/dash/welcome","status":"passed","stage":"finished","steps":[],"attachments":[],"parameters":[],"start":1691741236076,"stop":1691741236076},{"name":"Step 9 : Click on Data tab","status":"passed","stage":"finished","steps":[],"attachments":[],"parameters":[],"start":1691741236098,"stop":1691741236098},{"name":"Step 10 : Click on Material master from left nav","status":"passed","stage":"finished","steps":[],"attachments":[],"parameters":[],"start":1691741237825,"stop":1691741237825},{"name":"Step 11 : Click on view dropdown icon","status":"passed","stage":"finished","steps":[],"attachments":[],"parameters":[],"start":1691741239986,"stop":1691741239986},{"name":"Step 12 : Click on Default view option","status":"passed","stage":"finished","steps":[],"attachments":[],"parameters":[],"start":1691741240548,"stop":1691741240548},{"name":"Step 13 : Material master number is : ERSA00002168","status":"passed","stage":"finished","steps":[],"attachments":[],"parameters":[],"start":1691741242869,"stop":1691741242869},{"name":"Step 14 : Set filter status as a system","status":"passed","stage":"finished","steps":[],"attachments":[],"parameters":[],"start":1691741242869,"stop":1691741242869},{"name":"Step 15 : Click on edit","status":"passed","stage":"finished","steps":[],"attachments":[],"parameters":[],"start":1691741245402,"stop":1691741245402},{"name":"Step 16 : Click on Sequential Material option","status":"passed","stage":"finished","steps":[],"attachments":[],"parameters":[],"start":1691741247798,"stop":1691741247798},{"name":"Step 17 : Click on Unit Of Weight field","status":"passed","stage":"finished","steps":[],"attachments":[],"parameters":[],"start":1691741251861,"stop":1691741251861}],"attachments":[],"parameters":[{"name":"env","value":"SAND"}],"start":1691741224121,"stop":1691741272514}