{"uuid":"fb4a112b-74e2-4df0-9ea0-f34e5703f0a8","historyId":"f50ab6087b1fe8b0f93bdcfec9846721","fullName":"Test.MaterialCreationTestcases.verify_That_Based_On_The_Configured_Rule_For_Description_Generator_Short_And_Long_Description_Should_Auto_Populate","labels":[{"name":"package","value":"Test.MaterialCreationTestcases"},{"name":"testClass","value":"Test.MaterialCreationTestcases"},{"name":"testMethod","value":"verify_That_Based_On_The_Configured_Rule_For_Description_Generator_Short_And_Long_Description_Should_Auto_Populate"},{"name":"parentSuite","value":"Material Creation Automation Testcases"},{"name":"suite","value":"verify That Based On The Configured Rule For Description Generator Short And Long Description Should Auto Populate"},{"name":"subSuite","value":"Test.MaterialCreationTestcases"},{"name":"host","value":"QA-MacBook-Pro-2.local"},{"name":"thread","value":"30834@QA-MacBook-Pro-2.local.TestNG-tests-1(362)"},{"name":"framework","value":"testng"},{"name":"language","value":"java"}],"links":[],"name":"verify_That_Based_On_The_Configured_Rule_For_Description_Generator_Short_And_Long_Description_Should_Auto_Populate","status":"broken","statusDetails":{"known":false,"muted":false,"flaky":false,"message":"Expected condition failed: waiting for visibility of Proxy element for: DefaultElementLocator 'By.xpath: //div[@class='cdk-overlay-pane']' (tried for 20 second(s) with 500 milliseconds interval)","trace":"org.openqa.selenium.TimeoutException: Expected condition failed: waiting for visibility of Proxy element for: DefaultElementLocator 'By.xpath: //div[@class='cdk-overlay-pane']' (tried for 20 second(s) with 500 milliseconds interval)\n\tat org.openqa.selenium.support.ui.WebDriverWait.timeoutException(WebDriverWait.java:87)\n\tat org.openqa.selenium.support.ui.FluentWait.until(FluentWait.java:231)\n\tat Utils.Common.waitUntilElementToBeVisible(Common.java:417)\n\tat Page.MaterialCreation.verify_Description_Generator_Short_And_Long_Description_Should_Auto_Populate(MaterialCreation.java:1206)\n\tat Test.MaterialCreationTestcases.verify_That_Based_On_The_Configured_Rule_For_Description_Generator_Short_And_Long_Description_Should_Auto_Populate(MaterialCreationTestcases.java:173)\n\tat java.base/jdk.internal.reflect.DirectMethodHandleAccessor.invoke(DirectMethodHandleAccessor.java:104)\n\tat java.base/java.lang.reflect.Method.invoke(Method.java:578)\n\tat org.testng.internal.invokers.MethodInvocationHelper.invokeMethod(MethodInvocationHelper.java:139)\n\tat org.testng.internal.invokers.TestInvoker.invokeMethod(TestInvoker.java:677)\n\tat org.testng.internal.invokers.TestInvoker.invokeTestMethod(TestInvoker.java:221)\n\tat org.testng.internal.invokers.MethodRunner.runInSequence(MethodRunner.java:50)\n\tat org.testng.internal.invokers.TestInvoker$MethodInvocationAgent.invoke(TestInvoker.java:969)\n\tat org.testng.internal.invokers.TestInvoker.invokeTestMethods(TestInvoker.java:194)\n\tat org.testng.internal.invokers.TestMethodWorker.invokeTestMethods(TestMethodWorker.java:148)\n\tat org.testng.internal.invokers.TestMethodWorker.run(TestMethodWorker.java:128)\n\tat java.base/java.util.ArrayList.forEach(ArrayList.java:1511)\n\tat org.testng.TestRunner.privateRun(TestRunner.java:829)\n\tat org.testng.TestRunner.run(TestRunner.java:602)\n\tat org.testng.SuiteRunner.runTest(SuiteRunner.java:437)\n\tat org.testng.SuiteRunner$SuiteWorker.run(SuiteRunner.java:475)\n\tat org.testng.internal.thread.ThreadUtil.lambda$execute$0(ThreadUtil.java:58)\n\tat java.base/java.util.concurrent.FutureTask.run(FutureTask.java:317)\n\tat java.base/java.util.concurrent.ThreadPoolExecutor.runWorker(ThreadPoolExecutor.java:1144)\n\tat java.base/java.util.concurrent.ThreadPoolExecutor$Worker.run(ThreadPoolExecutor.java:642)\n\tat java.base/java.lang.Thread.run(Thread.java:1623)\nCaused by: org.openqa.selenium.NoSuchElementException: no such element: Unable to locate element: {\"method\":\"xpath\",\"selector\":\"//div[@class='cdk-overlay-pane']\"}\n  (Session info: chrome=115.0.5790.170)\nFor documentation on this error, please visit: https://selenium.dev/exceptions/#no_such_element\nBuild info: version: '4.8.1', revision: '8ebccac989'\nSystem info: os.name: 'Mac OS X', os.arch: 'x86_64', os.version: '12.2.1', java.version: '20.0.1'\nDriver info: org.openqa.selenium.chrome.ChromeDriver\nCommand: [3afa36051d0c00305f59d7d03cbb7b5a, findElement {using=xpath, value=//div[@class='cdk-overlay-pane']}]\nCapabilities {acceptInsecureCerts: false, browserName: chrome, browserVersion: 115.0.5790.170, chrome: {chromedriverVersion: 114.0.5735.90 (386bc09e8f4f..., userDataDir: /var/folders/jh/f96jk7yd6zx...}, goog:chromeOptions: {debuggerAddress: localhost:50495}, networkConnectionEnabled: false, pageLoadStrategy: normal, platformName: MAC, proxy: Proxy(), se:cdp: ws://localhost:50495/devtoo..., se:cdpVersion: 115.0.5790.170, setWindowRect: true, strictFileInteractability: false, timeouts: {implicit: 0, pageLoad: 300000, script: 30000}, unhandledPromptBehavior: dismiss and notify, webauthn:extension:credBlob: true, webauthn:extension:largeBlob: true, webauthn:extension:minPinLength: true, webauthn:extension:prf: true, webauthn:virtualAuthenticators: true}\nSession ID: 3afa36051d0c00305f59d7d03cbb7b5a\n\tat java.base/jdk.internal.reflect.DirectConstructorHandleAccessor.newInstance(DirectConstructorHandleAccessor.java:67)\n\tat java.base/java.lang.reflect.Constructor.newInstanceWithCaller(Constructor.java:500)\n\tat java.base/java.lang.reflect.Constructor.newInstance(Constructor.java:484)\n\tat org.openqa.selenium.remote.codec.w3c.W3CHttpResponseCodec.createException(W3CHttpResponseCodec.java:200)\n\tat org.openqa.selenium.remote.codec.w3c.W3CHttpResponseCodec.decode(W3CHttpResponseCodec.java:133)\n\tat org.openqa.selenium.remote.codec.w3c.W3CHttpResponseCodec.decode(W3CHttpResponseCodec.java:53)\n\tat org.openqa.selenium.remote.HttpCommandExecutor.execute(HttpCommandExecutor.java:184)\n\tat org.openqa.selenium.remote.service.DriverCommandExecutor.invokeExecute(DriverCommandExecutor.java:167)\n\tat org.openqa.selenium.remote.service.DriverCommandExecutor.execute(DriverCommandExecutor.java:142)\n\tat org.openqa.selenium.remote.RemoteWebDriver.execute(RemoteWebDriver.java:543)\n\tat org.openqa.selenium.remote.ElementLocation$ElementFinder$2.findElement(ElementLocation.java:162)\n\tat org.openqa.selenium.remote.ElementLocation.findElement(ElementLocation.java:60)\n\tat org.openqa.selenium.remote.RemoteWebDriver.findElement(RemoteWebDriver.java:352)\n\tat org.openqa.selenium.remote.RemoteWebDriver.findElement(RemoteWebDriver.java:344)\n\tat org.openqa.selenium.support.pagefactory.DefaultElementLocator.findElement(DefaultElementLocator.java:70)\n\tat org.openqa.selenium.support.pagefactory.internal.LocatingElementHandler.invoke(LocatingElementHandler.java:39)\n\tat jdk.proxy2/jdk.proxy2.$Proxy14.isDisplayed(Unknown Source)\n\tat org.openqa.selenium.support.ui.ExpectedConditions.elementIfVisible(ExpectedConditions.java:307)\n\tat org.openqa.selenium.support.ui.ExpectedConditions.access$000(ExpectedConditions.java:40)\n\tat org.openqa.selenium.support.ui.ExpectedConditions$10.apply(ExpectedConditions.java:293)\n\tat org.openqa.selenium.support.ui.ExpectedConditions$10.apply(ExpectedConditions.java:290)\n\tat org.openqa.selenium.support.ui.FluentWait.until(FluentWait.java:208)\n\t... 23 more\n"},"stage":"finished","steps":[{"name":"Step 0 : Open the browser","status":"passed","stage":"finished","steps":[],"attachments":[],"parameters":[],"start":1691740777180,"stop":1691740777180},{"name":"Step 1 : Environment requested: SAND","status":"passed","stage":"finished","steps":[],"attachments":[],"parameters":[],"start":1691740777181,"stop":1691740777181},{"name":"Step 2 : Enter the URL: https://fuse.masterdataonline.com/ngx-auth/en/index.html#/auth/prosqa/enter-username","status":"passed","stage":"finished","steps":[],"attachments":[],"parameters":[],"start":1691740777181,"stop":1691740777181},{"name":"Step 3 : Entering username: Rahul.initiator@yopmail.com","status":"passed","stage":"finished","steps":[],"attachments":[],"parameters":[],"start":1691740782822,"stop":1691740782822},{"name":"Step 4 : Click on continue button","status":"passed","stage":"finished","steps":[],"attachments":[],"parameters":[],"start":1691740785026,"stop":1691740785026},{"name":"Step 5 : Entering password: Welcome@123","status":"passed","stage":"finished","steps":[],"attachments":[],"parameters":[],"start":1691740787133,"stop":1691740787133},{"name":"Step 6 : Click on login button","status":"passed","stage":"finished","steps":[],"attachments":[],"parameters":[],"start":1691740787235,"stop":1691740787235},{"name":"Step 7 : verify Home page appear","status":"passed","stage":"finished","steps":[],"attachments":[],"parameters":[],"start":1691740790302,"stop":1691740790302},{"name":"Step 8 : Verify Env URL: https://fuse-aps-sb.masterdataonline.com/ui/en/index.html#/home/dash/welcome","status":"passed","stage":"finished","steps":[],"attachments":[],"parameters":[],"start":1691740790336,"stop":1691740790336},{"name":"Step 9 : Click on Data tab","status":"passed","stage":"finished","steps":[],"attachments":[],"parameters":[],"start":1691740790360,"stop":1691740790360},{"name":"Step 10 : Click on Material master from left nav","status":"passed","stage":"finished","steps":[],"attachments":[],"parameters":[],"start":1691740791542,"stop":1691740791542},{"name":"Step 11 : Click on view dropdown icon","status":"passed","stage":"finished","steps":[],"attachments":[],"parameters":[],"start":1691740796532,"stop":1691740796532},{"name":"Step 12 : Click on Default view option","status":"passed","stage":"finished","steps":[],"attachments":[],"parameters":[],"start":1691740797094,"stop":1691740797094},{"name":"Step 13 : Click on add new record button","status":"passed","stage":"finished","steps":[],"attachments":[],"parameters":[],"start":1691740799374,"stop":1691740799374},{"name":"Step 14 : Click on Sequential Material flow","status":"passed","stage":"finished","steps":[],"attachments":[],"parameters":[],"start":1691740800664,"stop":1691740800664},{"name":"Step 15 : Click on x-plant material status","status":"passed","stage":"finished","steps":[],"attachments":[],"parameters":[],"start":1691740806357,"stop":1691740806357},{"name":"Step 16 : Select option","status":"passed","stage":"finished","steps":[],"attachments":[],"parameters":[],"start":1691740808233,"stop":1691740808233},{"name":"Step 17 : Click on Generate description button","status":"passed","stage":"finished","steps":[],"attachments":[],"parameters":[],"start":1691740811368,"stop":1691740811368},{"name":"Step 18 : Click on class dropdown","status":"passed","stage":"finished","steps":[],"attachments":[],"parameters":[],"start":1691740814560,"stop":1691740814560},{"name":"Step 19 : Select Bearing-Ball option","status":"passed","stage":"finished","steps":[],"attachments":[],"parameters":[],"start":1691740815006,"stop":1691740815006},{"name":"Step 20 : Click on Type dropdown","status":"passed","stage":"finished","steps":[],"attachments":[],"parameters":[],"start":1691740816419,"stop":1691740816419},{"name":"Step 21 : Select value","status":"passed","stage":"finished","steps":[],"attachments":[],"parameters":[],"start":1691740816896,"stop":1691740816896},{"name":"Step 22 : Click on Width dropdown","status":"passed","stage":"finished","steps":[],"attachments":[],"parameters":[],"start":1691740818481,"stop":1691740818481},{"name":"Step 23 : Select value","status":"passed","stage":"finished","steps":[],"attachments":[],"parameters":[],"start":1691740818936,"stop":1691740818936},{"name":"Step 24 : Click on Series dropdown","status":"passed","stage":"finished","steps":[],"attachments":[],"parameters":[],"start":1691740820431,"stop":1691740820431},{"name":"Step 25 : Select value","status":"passed","stage":"finished","steps":[],"attachments":[],"parameters":[],"start":1691740820901,"stop":1691740820901},{"name":"Step 26 : Click on INSIDE DIAMETER dropdown","status":"passed","stage":"finished","steps":[],"attachments":[],"parameters":[],"start":1691740822375,"stop":1691740822375},{"name":"Step 27 : Select value","status":"passed","stage":"finished","steps":[],"attachments":[],"parameters":[],"start":1691740822848,"stop":1691740822848},{"name":"Step 28 : Click on OUTSIDE DIAMETER dropdown","status":"passed","stage":"finished","steps":[],"attachments":[],"parameters":[],"start":1691740823331,"stop":1691740823331},{"name":"Step 29 : Select value","status":"passed","stage":"finished","steps":[],"attachments":[],"parameters":[],"start":1691740823819,"stop":1691740823819},{"name":"Step 30 : Click on CAGE MATERIAL dropdown","status":"passed","stage":"finished","steps":[],"attachments":[],"parameters":[],"start":1691740824320,"stop":1691740824320},{"name":"Step 31 : Select value","status":"passed","stage":"finished","steps":[],"attachments":[],"parameters":[],"start":1691740824811,"stop":1691740824811},{"name":"Step 32 : Click on MANUFACTURER dropdown","status":"passed","stage":"finished","steps":[],"attachments":[],"parameters":[],"start":1691740825308,"stop":1691740825308},{"name":"Step 33 : Select value","status":"passed","stage":"finished","steps":[],"attachments":[],"parameters":[],"start":1691740825805,"stop":1691740825805},{"name":"Step 34 : Enter value in Model number field","status":"passed","stage":"finished","steps":[],"attachments":[],"parameters":[],"start":1691740827313,"stop":1691740827313},{"name":"Step 35 : Click on ROW dropdown","status":"passed","stage":"finished","steps":[],"attachments":[],"parameters":[],"start":1691740827636,"stop":1691740827636},{"name":"Step 36 : Select value","status":"passed","stage":"finished","steps":[],"attachments":[],"parameters":[],"start":1691740828166,"stop":1691740828166},{"name":"Step 37 : Enter value in part number field","status":"passed","stage":"finished","steps":[],"attachments":[],"parameters":[],"start":1691740829672,"stop":1691740829672},{"name":"Step 38 : Click on Generate description label","status":"passed","stage":"finished","steps":[],"attachments":[],"parameters":[],"start":1691740833817,"stop":1691740833817},{"name":"Step 39 : Short Description auto populate: BEARING,BALL,10.1/2 IN,COPPER,HM,DBLNM","status":"passed","stage":"finished","steps":[],"attachments":[],"parameters":[],"start":1691740839879,"stop":1691740839879},{"name":"Step 40 : Long Description auto populate: BEARING,BALL,INSIDE DIAMETER,10.1/2 IN,CAGE MTERIAL,COPPER,MANUFACTURER,HINDUSTAN MACHINERY,ROW,DOUBLENM,WIDTH,10 MM,OUTSIDE DIAMETER,10.1/2 IN,SERIES,1200 K C3,PART NUMBER,54321,MODEL NUMBER,34567,TYPE,RADIAL CONTACT","status":"passed","stage":"finished","steps":[],"attachments":[],"parameters":[],"start":1691740839995,"stop":1691740839995},{"name":"Step 41 : Click on submit button","status":"passed","stage":"finished","steps":[],"attachments":[],"parameters":[],"start":1691740839995,"stop":1691740839995}],"attachments":[],"parameters":[{"name":"env","value":"SAND"}],"start":1691740777179,"stop":1691740861720}